nohup: ignoring input
Parameter Count: 5257536
Training with 4848 image pairs
[   100,  0.0000236]     0.2554,     0.8049,     0.9254,     2.2004, 
[   200,  0.0000313]     0.4492,     0.9432,     0.9957,     1.3110, 
[   300,  0.0000389]     0.5406,     0.9605,     0.9974,     1.1449, 
[   400,  0.0000466]     0.6178,     0.9633,     0.9971,     1.0109, 
[   500,  0.0000543]     0.6459,     0.9688,     0.9974,     0.9438, 
[   600,  0.0000620]     0.6537,     0.9694,     0.9976,     0.9296, 
[   700,  0.0000696]     0.7104,     0.9809,     0.9990,     0.8239, 
[   800,  0.0000773]     0.7448,     0.9852,     0.9996,     0.7696, 
[   900,  0.0000850]     0.7459,     0.9834,     0.9998,     0.7668, 
[  1000,  0.0000927]     0.7679,     0.9899,     0.9999,     0.7268, 
[  1100,  0.0001003]     0.8266,     0.9958,     0.9999,     0.6293, 
[  1200,  0.0001080]     0.8728,     0.9975,     1.0000,     0.5522, 
[  1300,  0.0001157]     0.8813,     0.9973,     0.9999,     0.5374, 
[  1400,  0.0001234]     0.8921,     0.9978,     1.0000,     0.5149, 
[  1500,  0.0001310]     0.9129,     0.9984,     1.0000,     0.4735, 
[  1600,  0.0001387]     0.9140,     0.9981,     1.0000,     0.4724, 
[  1700,  0.0001464]     0.9157,     0.9986,     1.0000,     0.4611, 
[  1800,  0.0001541]     0.9228,     0.9985,     1.0000,     0.4424, 
[  1900,  0.0001617]     0.9176,     0.9984,     1.0000,     0.4539, 
[  2000,  0.0001694]     0.9252,     0.9984,     1.0000,     0.4358, 
[  2100,  0.0001771]     0.9320,     0.9987,     1.0000,     0.4276, 
[  2200,  0.0001847]     0.9324,     0.9990,     1.0000,     0.4201, 
[  2300,  0.0001924]     0.9350,     0.9987,     1.0000,     0.4104, 
[  2400,  0.0002001]     0.9342,     0.9985,     1.0000,     0.4102, 
[  2500,  0.0002078]     0.9397,     0.9990,     1.0000,     0.3962, 
[  2600,  0.0002154]     0.9437,     0.9993,     1.0000,     0.3820, 
[  2700,  0.0002231]     0.9409,     0.9986,     0.9999,     0.3965, 
[  2800,  0.0002308]     0.9367,     0.9985,     1.0000,     0.4013, 
[  2900,  0.0002385]     0.9405,     0.9985,     1.0000,     0.3923, 
[  3000,  0.0002461]     0.9456,     0.9990,     1.0000,     0.3820, 
[  3100,  0.0002538]     0.9469,     0.9987,     1.0000,     0.3744, 
[  3200,  0.0002615]     0.9484,     0.9991,     1.0000,     0.3634, 
[  3300,  0.0002692]     0.9429,     0.9990,     1.0000,     0.3809, 
[  3400,  0.0002768]     0.9498,     0.9989,     1.0000,     0.3692, 
[  3500,  0.0002845]     0.9492,     0.9992,     1.0000,     0.3671, 
[  3600,  0.0002922]     0.9514,     0.9991,     1.0000,     0.3595, 
[  3700,  0.0002999]     0.9517,     0.9990,     1.0000,     0.3590, 
[  3800,  0.0003075]     0.9504,     0.9987,     0.9999,     0.3621, 
[  3900,  0.0003152]     0.9505,     0.9992,     1.0000,     0.3613, 
[  4000,  0.0003229]     0.9489,     0.9991,     1.0000,     0.3655, 
[  4100,  0.0003306]     0.9554,     0.9992,     1.0000,     0.3472, 
[  4200,  0.0003382]     0.9550,     0.9993,     1.0000,     0.3489, 
[  4300,  0.0003459]     0.9550,     0.9990,     1.0000,     0.3519, 
[  4400,  0.0003536]     0.9574,     0.9990,     1.0000,     0.3387, 
[  4500,  0.0003612]     0.9570,     0.9991,     1.0000,     0.3390, 
[  4600,  0.0003689]     0.9522,     0.9990,     1.0000,     0.3504, 
[  4700,  0.0003766]     0.9589,     0.9991,     1.0000,     0.3358, 
[  4800,  0.0003843]     0.9549,     0.9989,     1.0000,     0.3433, 
[  4900,  0.0003919]     0.9565,     0.9990,     1.0000,     0.3411, 
[  5000,  0.0003996]     0.9575,     0.9991,     1.0000,     0.3359, 
Testring with 1212 image pairs
Validation simulations: 0.322677, 0.064857
[  5100,  0.0003996]     0.9599,     0.9988,     1.0000,     0.3298, 
[  5200,  0.0003992]     0.9614,     0.9992,     1.0000,     0.3240, 
[  5300,  0.0003988]     0.9610,     0.9989,     1.0000,     0.3272, 
[  5400,  0.0003983]     0.9607,     0.9988,     1.0000,     0.3225, 
[  5500,  0.0003979]     0.9606,     0.9987,     0.9999,     0.3241, 
[  5600,  0.0003975]     0.9616,     0.9989,     1.0000,     0.3210, 
[  5700,  0.0003971]     0.9631,     0.9991,     1.0000,     0.3222, 
[  5800,  0.0003967]     0.9626,     0.9989,     1.0000,     0.3227, 
[  5900,  0.0003962]     0.9630,     0.9991,     1.0000,     0.3150, 
[  6000,  0.0003958]     0.9663,     0.9988,     1.0000,     0.3001, 
[  6100,  0.0003954]     0.9649,     0.9988,     1.0000,     0.3092, 
[  6200,  0.0003950]     0.9637,     0.9990,     1.0000,     0.3087, 
[  6300,  0.0003946]     0.9692,     0.9993,     1.0000,     0.2964, 
[  6400,  0.0003941]     0.9667,     0.9993,     1.0000,     0.3016, 
[  6500,  0.0003937]     0.9669,     0.9991,     1.0000,     0.2979, 
[  6600,  0.0003933]     0.9694,     0.9992,     0.9999,     0.2934, 
[  6700,  0.0003929]     0.9680,     0.9990,     1.0000,     0.2980, 
[  6800,  0.0003924]     0.9690,     0.9991,     1.0000,     0.2890, 
[  6900,  0.0003920]     0.9708,     0.9991,     1.0000,     0.2888, 
[  7000,  0.0003916]     0.9686,     0.9990,     1.0000,     0.2930, 
[  7100,  0.0003912]     0.9712,     0.9992,     0.9999,     0.2828, 
[  7200,  0.0003908]     0.9681,     0.9988,     1.0000,     0.2912, 
[  7300,  0.0003903]     0.9721,     0.9993,     1.0000,     0.2795, 
[  7400,  0.0003899]     0.9708,     0.9991,     1.0000,     0.2826, 
[  7500,  0.0003895]     0.9703,     0.9988,     0.9999,     0.2863, 
[  7600,  0.0003891]     0.9742,     0.9993,     1.0000,     0.2778, 
[  7700,  0.0003887]     0.9720,     0.9991,     1.0000,     0.2818, 
[  7800,  0.0003882]     0.9717,     0.9991,     1.0000,     0.2767, 
[  7900,  0.0003878]     0.9716,     0.9990,     1.0000,     0.2760, 
[  8000,  0.0003874]     0.9720,     0.9991,     1.0000,     0.2748, 
[  8100,  0.0003870]     0.9718,     0.9987,     1.0000,     0.2782, 
[  8200,  0.0003866]     0.9733,     0.9992,     1.0000,     0.2736, 
[  8300,  0.0003861]     0.9757,     0.9992,     1.0000,     0.2676, 
[  8400,  0.0003857]     0.9721,     0.9992,     1.0000,     0.2735, 
[  8500,  0.0003853]     0.9749,     0.9991,     1.0000,     0.2665, 
[  8600,  0.0003849]     0.9744,     0.9989,     1.0000,     0.2682, 
[  8700,  0.0003845]     0.9742,     0.9992,     1.0000,     0.2644, 
[  8800,  0.0003840]     0.9739,     0.9992,     0.9999,     0.2690, 
[  8900,  0.0003836]     0.9744,     0.9992,     1.0000,     0.2648, 
[  9000,  0.0003832]     0.9739,     0.9993,     0.9999,     0.2674, 
[  9100,  0.0003828]     0.9762,     0.9992,     1.0000,     0.2616, 
[  9200,  0.0003824]     0.9761,     0.9994,     1.0000,     0.2581, 
[  9300,  0.0003819]     0.9763,     0.9993,     1.0000,     0.2583, 
[  9400,  0.0003815]     0.9760,     0.9992,     1.0000,     0.2581, 
[  9500,  0.0003811]     0.9778,     0.9993,     1.0000,     0.2495, 
[  9600,  0.0003807]     0.9772,     0.9991,     1.0000,     0.2484, 
[  9700,  0.0003803]     0.9747,     0.9991,     1.0000,     0.2601, 
[  9800,  0.0003798]     0.9769,     0.9990,     1.0000,     0.2516, 
[  9900,  0.0003794]     0.9783,     0.9990,     1.0000,     0.2477, 
[ 10000,  0.0003790]     0.9756,     0.9993,     1.0000,     0.2589, 
Testring with 1212 image pairs
Validation simulations: 0.276859, 0.125363
[ 10100,  0.0003786]     0.9769,     0.9991,     1.0000,     0.2557, 
[ 10200,  0.0003781]     0.9784,     0.9992,     1.0000,     0.2476, 
[ 10300,  0.0003777]     0.9756,     0.9992,     1.0000,     0.2554, 
[ 10400,  0.0003773]     0.9774,     0.9990,     0.9999,     0.2488, 
[ 10500,  0.0003769]     0.9764,     0.9991,     1.0000,     0.2532, 
[ 10600,  0.0003765]     0.9786,     0.9993,     1.0000,     0.2506, 
[ 10700,  0.0003760]     0.9766,     0.9991,     1.0000,     0.2466, 
[ 10800,  0.0003756]     0.9768,     0.9991,     1.0000,     0.2550, 
[ 10900,  0.0003752]     0.9769,     0.9992,     1.0000,     0.2557, 
[ 11000,  0.0003748]     0.9777,     0.9990,     0.9999,     0.2472, 
[ 11100,  0.0003744]     0.9813,     0.9993,     1.0000,     0.2352, 
[ 11200,  0.0003739]     0.9783,     0.9993,     1.0000,     0.2441, 
[ 11300,  0.0003735]     0.9779,     0.9991,     1.0000,     0.2471, 
[ 11400,  0.0003731]     0.9769,     0.9992,     1.0000,     0.2465, 
[ 11500,  0.0003727]     0.9801,     0.9993,     1.0000,     0.2433, 
[ 11600,  0.0003723]     0.9793,     0.9993,     1.0000,     0.2435, 
[ 11700,  0.0003718]     0.9777,     0.9991,     0.9999,     0.2547, 
[ 11800,  0.0003714]     0.9778,     0.9991,     1.0000,     0.2411, 
[ 11900,  0.0003710]     0.9815,     0.9992,     1.0000,     0.2388, 
[ 12000,  0.0003706]     0.9781,     0.9991,     1.0000,     0.2426, 
[ 12100,  0.0003702]     0.9783,     0.9991,     1.0000,     0.2438, 
[ 12200,  0.0003697]     0.9780,     0.9991,     1.0000,     0.2489, 
[ 12300,  0.0003693]     0.9798,     0.9993,     1.0000,     0.2385, 
[ 12400,  0.0003689]     0.9794,     0.9992,     1.0000,     0.2439, 
[ 12500,  0.0003685]     0.9794,     0.9993,     1.0000,     0.2477, 
[ 12600,  0.0003681]     0.9792,     0.9993,     1.0000,     0.2406, 
[ 12700,  0.0003676]     0.9784,     0.9993,     1.0000,     0.2429, 
[ 12800,  0.0003672]     0.9787,     0.9991,     1.0000,     0.2432, 
[ 12900,  0.0003668]     0.9758,     0.9989,     0.9999,     0.2588, 
[ 13000,  0.0003664]     0.9783,     0.9990,     1.0000,     0.2474, 
[ 13100,  0.0003659]     0.9792,     0.9991,     1.0000,     0.2458, 
[ 13200,  0.0003655]     0.9788,     0.9993,     1.0000,     0.2444, 
[ 13300,  0.0003651]     0.9805,     0.9992,     1.0000,     0.2346, 
[ 13400,  0.0003647]     0.9796,     0.9992,     0.9999,     0.2425, 
[ 13500,  0.0003643]     0.9755,     0.9991,     1.0000,     0.2466, 
[ 13600,  0.0003638]     0.9799,     0.9992,     1.0000,     0.2366, 
[ 13700,  0.0003634]     0.9798,     0.9994,     1.0000,     0.2422, 
[ 13800,  0.0003630]     0.9803,     0.9994,     1.0000,     0.2375, 
[ 13900,  0.0003626]     0.9811,     0.9992,     1.0000,     0.2338, 
[ 14000,  0.0003622]     0.9778,     0.9991,     1.0000,     0.2447, 
[ 14100,  0.0003617]     0.9740,     0.9990,     1.0000,     0.2693, 
[ 14200,  0.0003613]     0.9798,     0.9991,     1.0000,     0.2416, 
[ 14300,  0.0003609]     0.9795,     0.9993,     1.0000,     0.2420, 
[ 14400,  0.0003605]     0.9784,     0.9994,     1.0000,     0.2500, 
[ 14500,  0.0003601]     0.9774,     0.9993,     1.0000,     0.2480, 
[ 14600,  0.0003596]     0.9782,     0.9992,     1.0000,     0.2450, 
[ 14700,  0.0003592]     0.9805,     0.9994,     1.0000,     0.2379, 
[ 14800,  0.0003588]     0.9781,     0.9991,     1.0000,     0.2471, 
[ 14900,  0.0003584]     0.9780,     0.9990,     0.9999,     0.2516, 
[ 15000,  0.0003580]     0.9779,     0.9993,     1.0000,     0.2486, 
Testring with 1212 image pairs
Validation simulations: 0.244076, 0.113896
[ 15100,  0.0003575]     0.9789,     0.9992,     1.0000,     0.2484, 
[ 15200,  0.0003571]     0.9796,     0.9991,     1.0000,     0.2432, 
[ 15300,  0.0003567]     0.9797,     0.9991,     1.0000,     0.2410, 
[ 15400,  0.0003563]     0.9767,     0.9990,     1.0000,     0.2526, 
[ 15500,  0.0003559]     0.9789,     0.9992,     1.0000,     0.2545, 
[ 15600,  0.0003554]     0.9796,     0.9992,     0.9999,     0.2418, 
[ 15700,  0.0003550]     0.9807,     0.9993,     1.0000,     0.2388, 
[ 15800,  0.0003546]     0.9782,     0.9991,     0.9999,     0.2444, 
[ 15900,  0.0003542]     0.9813,     0.9993,     1.0000,     0.2283, 
[ 16000,  0.0003538]     0.9769,     0.9993,     1.0000,     0.2588, 
[ 16100,  0.0003533]     0.9813,     0.9995,     1.0000,     0.2379, 
[ 16200,  0.0003529]     0.9792,     0.9992,     1.0000,     0.2432, 
[ 16300,  0.0003525]     0.9791,     0.9994,     1.0000,     0.2422, 
[ 16400,  0.0003521]     0.9800,     0.9993,     1.0000,     0.2338, 
[ 16500,  0.0003516]     0.9800,     0.9994,     1.0000,     0.2541, 
[ 16600,  0.0003512]     0.9794,     0.9991,     1.0000,     0.2340, 
[ 16700,  0.0003508]     0.9809,     0.9993,     1.0000,     0.2290, 
[ 16800,  0.0003504]     0.9769,     0.9992,     1.0000,     0.2531, 
[ 16900,  0.0003500]     0.9828,     0.9994,     1.0000,     0.2344, 
[ 17000,  0.0003495]     0.9802,     0.9992,     1.0000,     0.2377, 
[ 17100,  0.0003491]     0.9799,     0.9990,     1.0000,     0.2407, 
[ 17200,  0.0003487]     0.9802,     0.9991,     1.0000,     0.2329, 
[ 17300,  0.0003483]     0.9781,     0.9990,     1.0000,     0.2484, 
[ 17400,  0.0003479]     0.9782,     0.9991,     1.0000,     0.2409, 
[ 17500,  0.0003474]     0.9794,     0.9993,     1.0000,     0.2505, 
[ 17600,  0.0003470]     0.9798,     0.9993,     1.0000,     0.2390, 
[ 17700,  0.0003466]     0.9773,     0.9991,     0.9999,     0.2543, 
[ 17800,  0.0003462]     0.9804,     0.9992,     1.0000,     0.2366, 
[ 17900,  0.0003458]     0.9804,     0.9993,     1.0000,     0.2426, 
[ 18000,  0.0003453]     0.9772,     0.9991,     1.0000,     0.2527, 
[ 18100,  0.0003449]     0.9779,     0.9992,     0.9999,     0.2561, 
[ 18200,  0.0003445]     0.9791,     0.9994,     1.0000,     0.2470, 
[ 18300,  0.0003441]     0.9797,     0.9992,     1.0000,     0.2374, 
[ 18400,  0.0003437]     0.9810,     0.9994,     1.0000,     0.2411, 
[ 18500,  0.0003432]     0.9805,     0.9992,     1.0000,     0.2386, 
[ 18600,  0.0003428]     0.9801,     0.9991,     0.9999,     0.2360, 
[ 18700,  0.0003424]     0.9780,     0.9992,     1.0000,     0.2389, 
[ 18800,  0.0003420]     0.9811,     0.9993,     1.0000,     0.2396, 
[ 18900,  0.0003416]     0.9820,     0.9993,     1.0000,     0.2358, 
[ 19000,  0.0003411]     0.9809,     0.9992,     1.0000,     0.2357, 
[ 19100,  0.0003407]     0.9805,     0.9993,     1.0000,     0.2430, 
[ 19200,  0.0003403]     0.9791,     0.9990,     0.9999,     0.2461, 
[ 19300,  0.0003399]     0.9822,     0.9994,     1.0000,     0.2289, 
[ 19400,  0.0003395]     0.9796,     0.9992,     1.0000,     0.2491, 
[ 19500,  0.0003390]     0.9801,     0.9993,     1.0000,     0.2477, 
[ 19600,  0.0003386]     0.9806,     0.9993,     1.0000,     0.2347, 
[ 19700,  0.0003382]     0.9808,     0.9993,     1.0000,     0.2333, 
[ 19800,  0.0003378]     0.9816,     0.9991,     0.9999,     0.2362, 
[ 19900,  0.0003373]     0.9808,     0.9993,     1.0000,     0.2367, 
[ 20000,  0.0003369]     0.9820,     0.9994,     1.0000,     0.2318, 
Testring with 1212 image pairs
Validation simulations: 0.229642, 0.081090
[ 20100,  0.0003365]     0.9802,     0.9994,     1.0000,     0.2337, 
[ 20200,  0.0003361]     0.9795,     0.9993,     1.0000,     0.2519, 
[ 20300,  0.0003357]     0.9815,     0.9992,     1.0000,     0.2312, 
[ 20400,  0.0003352]     0.9816,     0.9993,     1.0000,     0.2339, 
[ 20500,  0.0003348]     0.9798,     0.9991,     1.0000,     0.2417, 
[ 20600,  0.0003344]     0.9814,     0.9991,     1.0000,     0.2389, 
[ 20700,  0.0003340]     0.9812,     0.9994,     1.0000,     0.2344, 
[ 20800,  0.0003336]     0.9823,     0.9992,     1.0000,     0.2292, 
[ 20900,  0.0003331]     0.9834,     0.9993,     1.0000,     0.2212, 
[ 21000,  0.0003327]     0.9801,     0.9990,     0.9999,     0.2329, 
[ 21100,  0.0003323]     0.9815,     0.9993,     1.0000,     0.2271, 
[ 21200,  0.0003319]     0.9835,     0.9993,     1.0000,     0.2248, 
[ 21300,  0.0003315]     0.9838,     0.9995,     1.0000,     0.2233, 
[ 21400,  0.0003310]     0.9815,     0.9993,     1.0000,     0.2280, 
[ 21500,  0.0003306]     0.9792,     0.9991,     0.9999,     0.2427, 
[ 21600,  0.0003302]     0.9807,     0.9991,     0.9999,     0.2271, 
[ 21700,  0.0003298]     0.9816,     0.9994,     1.0000,     0.2288, 
[ 21800,  0.0003294]     0.9824,     0.9993,     1.0000,     0.2264, 
[ 21900,  0.0003289]     0.9823,     0.9994,     1.0000,     0.2332, 
[ 22000,  0.0003285]     0.9836,     0.9994,     1.0000,     0.2200, 
[ 22100,  0.0003281]     0.9817,     0.9992,     1.0000,     0.2234, 
[ 22200,  0.0003277]     0.9822,     0.9993,     1.0000,     0.2227, 
[ 22300,  0.0003273]     0.9822,     0.9994,     1.0000,     0.2328, 
[ 22400,  0.0003268]     0.9827,     0.9994,     1.0000,     0.2364, 
[ 22500,  0.0003264]     0.9818,     0.9994,     1.0000,     0.2245, 
[ 22600,  0.0003260]     0.9822,     0.9992,     0.9999,     0.2245, 
[ 22700,  0.0003256]     0.9834,     0.9993,     1.0000,     0.2204, 
[ 22800,  0.0003251]     0.9822,     0.9993,     1.0000,     0.2197, 
[ 22900,  0.0003247]     0.9809,     0.9993,     1.0000,     0.2309, 
[ 23000,  0.0003243]     0.9850,     0.9995,     1.0000,     0.2124, 
[ 23100,  0.0003239]     0.9825,     0.9993,     1.0000,     0.2239, 
[ 23200,  0.0003235]     0.9843,     0.9994,     1.0000,     0.2133, 
[ 23300,  0.0003230]     0.9815,     0.9992,     1.0000,     0.2256, 
[ 23400,  0.0003226]     0.9801,     0.9991,     1.0000,     0.2402, 
[ 23500,  0.0003222]     0.9815,     0.9994,     1.0000,     0.2366, 
[ 23600,  0.0003218]     0.9852,     0.9994,     1.0000,     0.2118, 
[ 23700,  0.0003214]     0.9843,     0.9993,     1.0000,     0.2132, 
[ 23800,  0.0003209]     0.9838,     0.9994,     1.0000,     0.2208, 
[ 23900,  0.0003205]     0.9834,     0.9992,     0.9998,     0.2209, 
[ 24000,  0.0003201]     0.9826,     0.9994,     1.0000,     0.2262, 
[ 24100,  0.0003197]     0.9822,     0.9993,     0.9999,     0.2280, 
[ 24200,  0.0003193]     0.9828,     0.9992,     1.0000,     0.2200, 
[ 24300,  0.0003188]     0.9832,     0.9992,     1.0000,     0.2241, 
[ 24400,  0.0003184]     0.9838,     0.9993,     1.0000,     0.2164, 
[ 24500,  0.0003180]     0.9830,     0.9993,     1.0000,     0.2170, 
[ 24600,  0.0003176]     0.9838,     0.9994,     1.0000,     0.2188, 
[ 24700,  0.0003172]     0.9845,     0.9993,     1.0000,     0.2142, 
[ 24800,  0.0003167]     0.9840,     0.9992,     1.0000,     0.2186, 
[ 24900,  0.0003163]     0.9840,     0.9993,     1.0000,     0.2118, 
[ 25000,  0.0003159]     0.9830,     0.9992,     1.0000,     0.2217, 
Testring with 1212 image pairs
Validation simulations: 0.213850, 0.057883
[ 25100,  0.0003155]     0.9841,     0.9993,     1.0000,     0.2182, 
[ 25200,  0.0003151]     0.9824,     0.9992,     0.9999,     0.2242, 
[ 25300,  0.0003146]     0.9836,     0.9996,     1.0000,     0.2323, 
[ 25400,  0.0003142]     0.9848,     0.9994,     1.0000,     0.2082, 
[ 25500,  0.0003138]     0.9839,     0.9993,     1.0000,     0.2167, 
[ 25600,  0.0003134]     0.9849,     0.9993,     1.0000,     0.2117, 
[ 25700,  0.0003130]     0.9846,     0.9994,     1.0000,     0.2120, 
[ 25800,  0.0003125]     0.9822,     0.9993,     1.0000,     0.2244, 
[ 25900,  0.0003121]     0.9836,     0.9992,     1.0000,     0.2165, 
[ 26000,  0.0003117]     0.9851,     0.9994,     0.9999,     0.2094, 
[ 26100,  0.0003113]     0.9836,     0.9990,     1.0000,     0.2196, 
[ 26200,  0.0003108]     0.9854,     0.9994,     1.0000,     0.2109, 
[ 26300,  0.0003104]     0.9847,     0.9994,     1.0000,     0.2094, 
[ 26400,  0.0003100]     0.9842,     0.9994,     1.0000,     0.2139, 
[ 26500,  0.0003096]     0.9854,     0.9994,     1.0000,     0.2001, 
[ 26600,  0.0003092]     0.9836,     0.9993,     1.0000,     0.2182, 
[ 26700,  0.0003087]     0.9831,     0.9991,     0.9999,     0.2208, 
[ 26800,  0.0003083]     0.9845,     0.9994,     1.0000,     0.2128, 
[ 26900,  0.0003079]     0.9841,     0.9994,     1.0000,     0.2130, 
[ 27000,  0.0003075]     0.9852,     0.9994,     1.0000,     0.2088, 
[ 27100,  0.0003071]     0.9853,     0.9994,     1.0000,     0.2082, 
[ 27200,  0.0003066]     0.9863,     0.9995,     1.0000,     0.2018, 
[ 27300,  0.0003062]     0.9850,     0.9994,     1.0000,     0.2047, 
[ 27400,  0.0003058]     0.9851,     0.9994,     1.0000,     0.2093, 
[ 27500,  0.0003054]     0.9845,     0.9993,     1.0000,     0.2081, 
[ 27600,  0.0003050]     0.9842,     0.9993,     1.0000,     0.2087, 
[ 27700,  0.0003045]     0.9851,     0.9994,     1.0000,     0.2094, 
[ 27800,  0.0003041]     0.9851,     0.9995,     1.0000,     0.2144, 
[ 27900,  0.0003037]     0.9845,     0.9994,     1.0000,     0.2114, 
[ 28000,  0.0003033]     0.9854,     0.9993,     1.0000,     0.2040, 
[ 28100,  0.0003029]     0.9843,     0.9994,     1.0000,     0.2101, 
[ 28200,  0.0003024]     0.9860,     0.9995,     1.0000,     0.2169, 
[ 28300,  0.0003020]     0.9851,     0.9994,     1.0000,     0.2016, 
[ 28400,  0.0003016]     0.9850,     0.9994,     1.0000,     0.2089, 
[ 28500,  0.0003012]     0.9847,     0.9994,     1.0000,     0.2050, 
[ 28600,  0.0003008]     0.9847,     0.9995,     1.0000,     0.2107, 
[ 28700,  0.0003003]     0.9854,     0.9994,     1.0000,     0.2047, 
[ 28800,  0.0002999]     0.9845,     0.9994,     1.0000,     0.2159, 
[ 28900,  0.0002995]     0.9850,     0.9994,     1.0000,     0.2055, 
[ 29000,  0.0002991]     0.9854,     0.9993,     0.9999,     0.2090, 
[ 29100,  0.0002986]     0.9855,     0.9994,     1.0000,     0.2066, 
[ 29200,  0.0002982]     0.9864,     0.9995,     1.0000,     0.1994, 
[ 29300,  0.0002978]     0.9831,     0.9993,     1.0000,     0.2214, 
[ 29400,  0.0002974]     0.9855,     0.9994,     1.0000,     0.2150, 
[ 29500,  0.0002970]     0.9861,     0.9994,     1.0000,     0.2066, 
[ 29600,  0.0002965]     0.9866,     0.9995,     1.0000,     0.1991, 
[ 29700,  0.0002961]     0.9857,     0.9993,     1.0000,     0.2028, 
[ 29800,  0.0002957]     0.9849,     0.9993,     1.0000,     0.2056, 
[ 29900,  0.0002953]     0.9858,     0.9993,     1.0000,     0.1941, 
[ 30000,  0.0002949]     0.9864,     0.9993,     1.0000,     0.1947, 
Testring with 1212 image pairs
Validation simulations: 0.189690, 0.061295
[ 30100,  0.0002944]     0.9867,     0.9995,     1.0000,     0.1955, 
[ 30200,  0.0002940]     0.9852,     0.9993,     1.0000,     0.2031, 
[ 30300,  0.0002936]     0.9847,     0.9994,     1.0000,     0.2082, 
[ 30400,  0.0002932]     0.9871,     0.9996,     1.0000,     0.1955, 
[ 30500,  0.0002928]     0.9851,     0.9993,     1.0000,     0.2037, 
[ 30600,  0.0002923]     0.9860,     0.9995,     1.0000,     0.1950, 
[ 30700,  0.0002919]     0.9863,     0.9995,     1.0000,     0.1974, 
[ 30800,  0.0002915]     0.9873,     0.9995,     1.0000,     0.1940, 
[ 30900,  0.0002911]     0.9850,     0.9993,     1.0000,     0.2095, 
[ 31000,  0.0002907]     0.9849,     0.9993,     0.9999,     0.2043, 
[ 31100,  0.0002902]     0.9858,     0.9995,     1.0000,     0.2073, 
[ 31200,  0.0002898]     0.9847,     0.9993,     1.0000,     0.2002, 
[ 31300,  0.0002894]     0.9847,     0.9994,     1.0000,     0.2141, 
[ 31400,  0.0002890]     0.9860,     0.9993,     1.0000,     0.1963, 
[ 31500,  0.0002886]     0.9865,     0.9996,     1.0000,     0.1939, 
[ 31600,  0.0002881]     0.9872,     0.9996,     1.0000,     0.1977, 
[ 31700,  0.0002877]     0.9853,     0.9993,     1.0000,     0.2044, 
[ 31800,  0.0002873]     0.9857,     0.9995,     1.0000,     0.2046, 
[ 31900,  0.0002869]     0.9864,     0.9994,     1.0000,     0.1986, 
[ 32000,  0.0002865]     0.9869,     0.9995,     1.0000,     0.1946, 
[ 32100,  0.0002860]     0.9864,     0.9994,     1.0000,     0.1988, 
[ 32200,  0.0002856]     0.9859,     0.9994,     1.0000,     0.1982, 
[ 32300,  0.0002852]     0.9861,     0.9994,     1.0000,     0.1939, 
[ 32400,  0.0002848]     0.9879,     0.9996,     1.0000,     0.1889, 
[ 32500,  0.0002843]     0.9870,     0.9994,     1.0000,     0.1925, 
[ 32600,  0.0002839]     0.9876,     0.9994,     1.0000,     0.1921, 
[ 32700,  0.0002835]     0.9876,     0.9995,     1.0000,     0.1875, 
[ 32800,  0.0002831]     0.9869,     0.9995,     1.0000,     0.1903, 
[ 32900,  0.0002827]     0.9877,     0.9996,     1.0000,     0.1890, 
[ 33000,  0.0002822]     0.9882,     0.9996,     1.0000,     0.1847, 
[ 33100,  0.0002818]     0.9873,     0.9995,     1.0000,     0.1889, 
[ 33200,  0.0002814]     0.9868,     0.9994,     1.0000,     0.1933, 
[ 33300,  0.0002810]     0.9869,     0.9994,     1.0000,     0.1928, 
[ 33400,  0.0002806]     0.9877,     0.9995,     1.0000,     0.1876, 
[ 33500,  0.0002801]     0.9882,     0.9995,     1.0000,     0.1855, 
[ 33600,  0.0002797]     0.9879,     0.9994,     1.0000,     0.1833, 
[ 33700,  0.0002793]     0.9873,     0.9995,     1.0000,     0.1863, 
[ 33800,  0.0002789]     0.9879,     0.9995,     1.0000,     0.1877, 
[ 33900,  0.0002785]     0.9870,     0.9995,     1.0000,     0.1886, 
[ 34000,  0.0002780]     0.9871,     0.9995,     1.0000,     0.1907, 
[ 34100,  0.0002776]     0.9874,     0.9994,     1.0000,     0.1895, 
[ 34200,  0.0002772]     0.9877,     0.9995,     1.0000,     0.1906, 
[ 34300,  0.0002768]     0.9852,     0.9994,     1.0000,     0.2032, 
[ 34400,  0.0002764]     0.9885,     0.9996,     1.0000,     0.1822, 
[ 34500,  0.0002759]     0.9885,     0.9994,     0.9999,     0.1783, 
[ 34600,  0.0002755]     0.9876,     0.9995,     1.0000,     0.1860, 
[ 34700,  0.0002751]     0.9877,     0.9995,     1.0000,     0.1816, 
[ 34800,  0.0002747]     0.9883,     0.9994,     1.0000,     0.1860, 
[ 34900,  0.0002743]     0.9874,     0.9994,     1.0000,     0.1876, 
[ 35000,  0.0002738]     0.9884,     0.9995,     1.0000,     0.1837, 
Testring with 1212 image pairs
Validation simulations: 0.189407, 0.058326
[ 35100,  0.0002734]     0.9876,     0.9994,     1.0000,     0.1890, 
[ 35200,  0.0002730]     0.9888,     0.9995,     1.0000,     0.1803, 
[ 35300,  0.0002726]     0.9874,     0.9994,     1.0000,     0.1857, 
[ 35400,  0.0002721]     0.9886,     0.9996,     1.0000,     0.1790, 
[ 35500,  0.0002717]     0.9872,     0.9994,     1.0000,     0.1895, 
[ 35600,  0.0002713]     0.9882,     0.9995,     1.0000,     0.1839, 
[ 35700,  0.0002709]     0.9884,     0.9996,     1.0000,     0.1893, 
[ 35800,  0.0002705]     0.9876,     0.9994,     1.0000,     0.1848, 
[ 35900,  0.0002700]     0.9883,     0.9994,     1.0000,     0.1812, 
[ 36000,  0.0002696]     0.9880,     0.9996,     1.0000,     0.1810, 
[ 36100,  0.0002692]     0.9880,     0.9994,     1.0000,     0.1850, 
[ 36200,  0.0002688]     0.9882,     0.9994,     1.0000,     0.1812, 
[ 36300,  0.0002684]     0.9879,     0.9996,     1.0000,     0.1825, 
[ 36400,  0.0002679]     0.9887,     0.9995,     1.0000,     0.1818, 
[ 36500,  0.0002675]     0.9888,     0.9996,     1.0000,     0.1803, 
[ 36600,  0.0002671]     0.9874,     0.9995,     1.0000,     0.1842, 
[ 36700,  0.0002667]     0.9876,     0.9994,     0.9999,     0.1831, 
[ 36800,  0.0002663]     0.9873,     0.9995,     1.0000,     0.1863, 
[ 36900,  0.0002658]     0.9875,     0.9994,     1.0000,     0.1800, 
[ 37000,  0.0002654]     0.9882,     0.9996,     1.0000,     0.1811, 
[ 37100,  0.0002650]     0.9878,     0.9995,     1.0000,     0.1811, 
[ 37200,  0.0002646]     0.9887,     0.9995,     1.0000,     0.1778, 
[ 37300,  0.0002642]     0.9881,     0.9995,     1.0000,     0.1787, 
[ 37400,  0.0002637]     0.9892,     0.9996,     1.0000,     0.1731, 
[ 37500,  0.0002633]     0.9879,     0.9994,     1.0000,     0.1823, 
[ 37600,  0.0002629]     0.9908,     0.9997,     1.0000,     0.1695, 
[ 37700,  0.0002625]     0.9884,     0.9992,     1.0000,     0.1722, 
[ 37800,  0.0002621]     0.9887,     0.9995,     1.0000,     0.1753, 
[ 37900,  0.0002616]     0.9892,     0.9995,     1.0000,     0.1713, 
[ 38000,  0.0002612]     0.9892,     0.9996,     1.0000,     0.1680, 
[ 38100,  0.0002608]     0.9902,     0.9996,     1.0000,     0.1647, 
[ 38200,  0.0002604]     0.9885,     0.9995,     1.0000,     0.1737, 
[ 38300,  0.0002600]     0.9881,     0.9994,     1.0000,     0.1720, 
[ 38400,  0.0002595]     0.9897,     0.9995,     1.0000,     0.1682, 
[ 38500,  0.0002591]     0.9894,     0.9995,     1.0000,     0.1687, 
[ 38600,  0.0002587]     0.9899,     0.9996,     1.0000,     0.1659, 
[ 38700,  0.0002583]     0.9890,     0.9995,     1.0000,     0.1710, 
[ 38800,  0.0002578]     0.9896,     0.9995,     0.9999,     0.1694, 
[ 38900,  0.0002574]     0.9889,     0.9995,     1.0000,     0.1728, 
[ 39000,  0.0002570]     0.9892,     0.9996,     1.0000,     0.1689, 
[ 39100,  0.0002566]     0.9904,     0.9996,     1.0000,     0.1649, 
[ 39200,  0.0002562]     0.9894,     0.9994,     1.0000,     0.1692, 
[ 39300,  0.0002557]     0.9897,     0.9996,     1.0000,     0.1681, 
[ 39400,  0.0002553]     0.9886,     0.9995,     1.0000,     0.1777, 
[ 39500,  0.0002549]     0.9894,     0.9995,     1.0000,     0.1727, 
[ 39600,  0.0002545]     0.9896,     0.9995,     1.0000,     0.1718, 
[ 39700,  0.0002541]     0.9879,     0.9995,     1.0000,     0.1770, 
[ 39800,  0.0002536]     0.9893,     0.9996,     1.0000,     0.1737, 
[ 39900,  0.0002532]     0.9895,     0.9996,     1.0000,     0.1733, 
[ 40000,  0.0002528]     0.9881,     0.9995,     1.0000,     0.1769, 
Testring with 1212 image pairs
Validation simulations: 0.195034, 0.065595
[ 40100,  0.0002524]     0.9903,     0.9997,     1.0000,     0.1664, 
[ 40200,  0.0002520]     0.9889,     0.9995,     1.0000,     0.1757, 
[ 40300,  0.0002515]     0.9896,     0.9995,     1.0000,     0.1718, 
[ 40400,  0.0002511]     0.9884,     0.9995,     1.0000,     0.1765, 
[ 40500,  0.0002507]     0.9890,     0.9995,     1.0000,     0.1734, 
[ 40600,  0.0002503]     0.9894,     0.9995,     1.0000,     0.1667, 
[ 40700,  0.0002499]     0.9906,     0.9996,     1.0000,     0.1653, 
[ 40800,  0.0002494]     0.9880,     0.9995,     1.0000,     0.1819, 
[ 40900,  0.0002490]     0.9882,     0.9996,     1.0000,     0.1795, 
[ 41000,  0.0002486]     0.9881,     0.9993,     1.0000,     0.1838, 
[ 41100,  0.0002482]     0.9880,     0.9995,     1.0000,     0.1887, 
[ 41200,  0.0002478]     0.9893,     0.9997,     1.0000,     0.1739, 
[ 41300,  0.0002473]     0.9888,     0.9995,     1.0000,     0.1714, 
[ 41400,  0.0002469]     0.9891,     0.9995,     1.0000,     0.1737, 
[ 41500,  0.0002465]     0.9897,     0.9996,     1.0000,     0.1685, 
[ 41600,  0.0002461]     0.9904,     0.9996,     1.0000,     0.1706, 
[ 41700,  0.0002456]     0.9894,     0.9995,     1.0000,     0.1734, 
[ 41800,  0.0002452]     0.9893,     0.9996,     1.0000,     0.1711, 
[ 41900,  0.0002448]     0.9900,     0.9996,     1.0000,     0.1680, 
[ 42000,  0.0002444]     0.9891,     0.9996,     1.0000,     0.1674, 
[ 42100,  0.0002440]     0.9905,     0.9997,     1.0000,     0.1656, 
[ 42200,  0.0002435]     0.9887,     0.9994,     0.9999,     0.1702, 
[ 42300,  0.0002431]     0.9895,     0.9996,     1.0000,     0.1701, 
[ 42400,  0.0002427]     0.9891,     0.9995,     1.0000,     0.1684, 
[ 42500,  0.0002423]     0.9899,     0.9995,     1.0000,     0.1689, 
[ 42600,  0.0002419]     0.9903,     0.9997,     1.0000,     0.1636, 
[ 42700,  0.0002414]     0.9903,     0.9995,     1.0000,     0.1618, 
[ 42800,  0.0002410]     0.9902,     0.9997,     1.0000,     0.1614, 
[ 42900,  0.0002406]     0.9903,     0.9996,     1.0000,     0.1571, 
[ 43000,  0.0002402]     0.9899,     0.9995,     0.9999,     0.1596, 
[ 43100,  0.0002398]     0.9899,     0.9996,     1.0000,     0.1627, 
[ 43200,  0.0002393]     0.9897,     0.9995,     1.0000,     0.1598, 
[ 43300,  0.0002389]     0.9910,     0.9997,     1.0000,     0.1582, 
[ 43400,  0.0002385]     0.9907,     0.9996,     1.0000,     0.1582, 
[ 43500,  0.0002381]     0.9899,     0.9995,     1.0000,     0.1597, 
[ 43600,  0.0002377]     0.9905,     0.9996,     1.0000,     0.1584, 
[ 43700,  0.0002372]     0.9903,     0.9995,     1.0000,     0.1573, 
[ 43800,  0.0002368]     0.9906,     0.9995,     1.0000,     0.1602, 
[ 43900,  0.0002364]     0.9903,     0.9996,     1.0000,     0.1593, 
[ 44000,  0.0002360]     0.9896,     0.9995,     0.9999,     0.1598, 
[ 44100,  0.0002356]     0.9898,     0.9994,     1.0000,     0.1614, 
[ 44200,  0.0002351]     0.9907,     0.9996,     1.0000,     0.1604, 
[ 44300,  0.0002347]     0.9909,     0.9996,     1.0000,     0.1580, 
[ 44400,  0.0002343]     0.9909,     0.9997,     1.0000,     0.1572, 
[ 44500,  0.0002339]     0.9910,     0.9997,     1.0000,     0.1554, 
[ 44600,  0.0002335]     0.9902,     0.9996,     1.0000,     0.1613, 
[ 44700,  0.0002330]     0.9901,     0.9996,     1.0000,     0.1625, 
[ 44800,  0.0002326]     0.9900,     0.9995,     1.0000,     0.1613, 
[ 44900,  0.0002322]     0.9912,     0.9997,     1.0000,     0.1546, 
[ 45000,  0.0002318]     0.9903,     0.9995,     1.0000,     0.1592, 
Testring with 1212 image pairs
Validation simulations: 0.173318, 0.070279
[ 45100,  0.0002313]     0.9905,     0.9996,     1.0000,     0.1605, 
[ 45200,  0.0002309]     0.9904,     0.9996,     1.0000,     0.1625, 
[ 45300,  0.0002305]     0.9901,     0.9996,     1.0000,     0.1633, 
[ 45400,  0.0002301]     0.9906,     0.9996,     1.0000,     0.1593, 
[ 45500,  0.0002297]     0.9896,     0.9995,     1.0000,     0.1618, 
[ 45600,  0.0002292]     0.9905,     0.9997,     1.0000,     0.1588, 
[ 45700,  0.0002288]     0.9899,     0.9995,     1.0000,     0.1603, 
[ 45800,  0.0002284]     0.9905,     0.9996,     1.0000,     0.1599, 
[ 45900,  0.0002280]     0.9910,     0.9997,     1.0000,     0.1572, 
[ 46000,  0.0002276]     0.9900,     0.9995,     1.0000,     0.1623, 
[ 46100,  0.0002271]     0.9898,     0.9997,     1.0000,     0.1630, 
[ 46200,  0.0002267]     0.9900,     0.9995,     1.0000,     0.1640, 
[ 46300,  0.0002263]     0.9908,     0.9996,     1.0000,     0.1624, 
[ 46400,  0.0002259]     0.9905,     0.9994,     0.9999,     0.1634, 
[ 46500,  0.0002255]     0.9901,     0.9995,     1.0000,     0.1716, 
[ 46600,  0.0002250]     0.9894,     0.9995,     1.0000,     0.1732, 
[ 46700,  0.0002246]     0.9903,     0.9996,     1.0000,     0.1593, 
[ 46800,  0.0002242]     0.9899,     0.9996,     1.0000,     0.1621, 
[ 46900,  0.0002238]     0.9905,     0.9996,     1.0000,     0.1684, 
[ 47000,  0.0002234]     0.9904,     0.9995,     1.0000,     0.1616, 
[ 47100,  0.0002229]     0.9903,     0.9996,     1.0000,     0.1610, 
[ 47200,  0.0002225]     0.9901,     0.9995,     1.0000,     0.1634, 
[ 47300,  0.0002221]     0.9892,     0.9995,     1.0000,     0.1686, 
[ 47400,  0.0002217]     0.9908,     0.9996,     1.0000,     0.1611, 
[ 47500,  0.0002213]     0.9910,     0.9996,     1.0000,     0.1625, 
[ 47600,  0.0002208]     0.9888,     0.9995,     0.9999,     0.1699, 
[ 47700,  0.0002204]     0.9902,     0.9996,     1.0000,     0.1656, 
[ 47800,  0.0002200]     0.9908,     0.9996,     1.0000,     0.1555, 
[ 47900,  0.0002196]     0.9905,     0.9996,     1.0000,     0.1562, 
[ 48000,  0.0002191]     0.9911,     0.9996,     1.0000,     0.1511, 
[ 48100,  0.0002187]     0.9908,     0.9996,     1.0000,     0.1565, 
[ 48200,  0.0002183]     0.9916,     0.9997,     1.0000,     0.1533, 
[ 48300,  0.0002179]     0.9910,     0.9995,     1.0000,     0.1562, 
[ 48400,  0.0002175]     0.9911,     0.9997,     1.0000,     0.1588, 
[ 48500,  0.0002170]     0.9904,     0.9996,     1.0000,     0.1582, 
[ 48600,  0.0002166]     0.9912,     0.9996,     1.0000,     0.1565, 
[ 48700,  0.0002162]     0.9902,     0.9996,     1.0000,     0.1633, 
[ 48800,  0.0002158]     0.9910,     0.9996,     1.0000,     0.1572, 
[ 48900,  0.0002154]     0.9906,     0.9996,     1.0000,     0.1588, 
[ 49000,  0.0002149]     0.9902,     0.9996,     1.0000,     0.1646, 
[ 49100,  0.0002145]     0.9907,     0.9996,     1.0000,     0.1588, 
[ 49200,  0.0002141]     0.9912,     0.9997,     1.0000,     0.1612, 
[ 49300,  0.0002137]     0.9908,     0.9996,     1.0000,     0.1602, 
[ 49400,  0.0002133]     0.9903,     0.9995,     1.0000,     0.1608, 
[ 49500,  0.0002128]     0.9908,     0.9996,     1.0000,     0.1594, 
[ 49600,  0.0002124]     0.9908,     0.9995,     1.0000,     0.1559, 
[ 49700,  0.0002120]     0.9920,     0.9997,     1.0000,     0.1496, 
[ 49800,  0.0002116]     0.9915,     0.9996,     1.0000,     0.1528, 
[ 49900,  0.0002112]     0.9916,     0.9997,     1.0000,     0.1502, 
[ 50000,  0.0002107]     0.9915,     0.9997,     1.0000,     0.1511, 
Testring with 1212 image pairs
Validation simulations: 0.172000, 0.051267
[ 50100,  0.0002103]     0.9918,     0.9997,     1.0000,     0.1456, 
[ 50200,  0.0002099]     0.9921,     0.9997,     1.0000,     0.1477, 
[ 50300,  0.0002095]     0.9902,     0.9995,     1.0000,     0.1530, 
[ 50400,  0.0002091]     0.9922,     0.9997,     1.0000,     0.1463, 
[ 50500,  0.0002086]     0.9910,     0.9996,     1.0000,     0.1523, 
[ 50600,  0.0002082]     0.9916,     0.9997,     1.0000,     0.1496, 
[ 50700,  0.0002078]     0.9916,     0.9996,     1.0000,     0.1503, 
[ 50800,  0.0002074]     0.9913,     0.9996,     1.0000,     0.1475, 
[ 50900,  0.0002070]     0.9908,     0.9996,     1.0000,     0.1503, 
[ 51000,  0.0002065]     0.9920,     0.9996,     1.0000,     0.1475, 
[ 51100,  0.0002061]     0.9914,     0.9997,     1.0000,     0.1488, 
[ 51200,  0.0002057]     0.9914,     0.9996,     1.0000,     0.1494, 
[ 51300,  0.0002053]     0.9918,     0.9996,     1.0000,     0.1455, 
[ 51400,  0.0002048]     0.9907,     0.9995,     0.9999,     0.1497, 
[ 51500,  0.0002044]     0.9913,     0.9997,     1.0000,     0.1468, 
[ 51600,  0.0002040]     0.9923,     0.9997,     1.0000,     0.1442, 
[ 51700,  0.0002036]     0.9909,     0.9995,     1.0000,     0.1520, 
[ 51800,  0.0002032]     0.9915,     0.9996,     1.0000,     0.1507, 
[ 51900,  0.0002027]     0.9917,     0.9995,     1.0000,     0.1445, 
[ 52000,  0.0002023]     0.9920,     0.9997,     1.0000,     0.1447, 
[ 52100,  0.0002019]     0.9908,     0.9996,     1.0000,     0.1488, 
[ 52200,  0.0002015]     0.9924,     0.9997,     1.0000,     0.1427, 
[ 52300,  0.0002011]     0.9916,     0.9997,     1.0000,     0.1444, 
[ 52400,  0.0002006]     0.9922,     0.9996,     1.0000,     0.1459, 
[ 52500,  0.0002002]     0.9915,     0.9995,     1.0000,     0.1462, 
[ 52600,  0.0001998]     0.9918,     0.9997,     1.0000,     0.1437, 
[ 52700,  0.0001994]     0.9914,     0.9996,     1.0000,     0.1464, 
[ 52800,  0.0001990]     0.9919,     0.9996,     1.0000,     0.1438, 
[ 52900,  0.0001985]     0.9918,     0.9996,     1.0000,     0.1459, 
[ 53000,  0.0001981]     0.9910,     0.9995,     1.0000,     0.1462, 
[ 53100,  0.0001977]     0.9921,     0.9997,     1.0000,     0.1421, 
[ 53200,  0.0001973]     0.9927,     0.9997,     1.0000,     0.1409, 
[ 53300,  0.0001969]     0.9910,     0.9996,     1.0000,     0.1486, 
[ 53400,  0.0001964]     0.9918,     0.9996,     1.0000,     0.1430, 
[ 53500,  0.0001960]     0.9920,     0.9997,     1.0000,     0.1450, 
[ 53600,  0.0001956]     0.9915,     0.9995,     1.0000,     0.1516, 
[ 53700,  0.0001952]     0.9917,     0.9996,     1.0000,     0.1472, 
[ 53800,  0.0001948]     0.9917,     0.9996,     1.0000,     0.1482, 
[ 53900,  0.0001943]     0.9918,     0.9996,     1.0000,     0.1478, 
[ 54000,  0.0001939]     0.9913,     0.9997,     1.0000,     0.1483, 
[ 54100,  0.0001935]     0.9915,     0.9996,     1.0000,     0.1451, 
[ 54200,  0.0001931]     0.9914,     0.9996,     1.0000,     0.1464, 
[ 54300,  0.0001927]     0.9917,     0.9996,     1.0000,     0.1470, 
[ 54400,  0.0001922]     0.9922,     0.9997,     1.0000,     0.1447, 
[ 54500,  0.0001918]     0.9916,     0.9997,     1.0000,     0.1487, 
[ 54600,  0.0001914]     0.9911,     0.9996,     1.0000,     0.1457, 
[ 54700,  0.0001910]     0.9913,     0.9996,     1.0000,     0.1482, 
[ 54800,  0.0001905]     0.9921,     0.9996,     1.0000,     0.1426, 
[ 54900,  0.0001901]     0.9921,     0.9997,     1.0000,     0.1468, 
[ 55000,  0.0001897]     0.9921,     0.9997,     1.0000,     0.1412, 
Testring with 1212 image pairs
Validation simulations: 0.162143, 0.045135
[ 55100,  0.0001893]     0.9915,     0.9997,     1.0000,     0.1463, 
[ 55200,  0.0001889]     0.9922,     0.9997,     1.0000,     0.1476, 
[ 55300,  0.0001884]     0.9921,     0.9996,     1.0000,     0.1471, 
[ 55400,  0.0001880]     0.9919,     0.9996,     1.0000,     0.1483, 
[ 55500,  0.0001876]     0.9919,     0.9996,     1.0000,     0.1489, 
[ 55600,  0.0001872]     0.9921,     0.9996,     1.0000,     0.1483, 
[ 55700,  0.0001868]     0.9915,     0.9997,     1.0000,     0.1517, 
[ 55800,  0.0001863]     0.9907,     0.9996,     1.0000,     0.1523, 
[ 55900,  0.0001859]     0.9914,     0.9996,     1.0000,     0.1507, 
[ 56000,  0.0001855]     0.9917,     0.9996,     1.0000,     0.1484, 
[ 56100,  0.0001851]     0.9918,     0.9997,     1.0000,     0.1578, 
[ 56200,  0.0001847]     0.9922,     0.9997,     1.0000,     0.1482, 
[ 56300,  0.0001842]     0.9909,     0.9995,     1.0000,     0.1534, 
[ 56400,  0.0001838]     0.9905,     0.9996,     1.0000,     0.1508, 
[ 56500,  0.0001834]     0.9919,     0.9997,     1.0000,     0.1498, 
[ 56600,  0.0001830]     0.9918,     0.9996,     1.0000,     0.1499, 
[ 56700,  0.0001826]     0.9920,     0.9997,     1.0000,     0.1563, 
[ 56800,  0.0001821]     0.9901,     0.9996,     1.0000,     0.1703, 
[ 56900,  0.0001817]     0.9908,     0.9995,     1.0000,     0.1551, 
[ 57000,  0.0001813]     0.9919,     0.9997,     1.0000,     0.1476, 
[ 57100,  0.0001809]     0.9911,     0.9998,     1.0000,     0.1601, 
[ 57200,  0.0001805]     0.9915,     0.9997,     1.0000,     0.1602, 
[ 57300,  0.0001800]     0.9913,     0.9997,     1.0000,     0.1553, 
[ 57400,  0.0001796]     0.9915,     0.9996,     1.0000,     0.1502, 
[ 57500,  0.0001792]     0.9911,     0.9996,     1.0000,     0.1568, 
[ 57600,  0.0001788]     0.9908,     0.9996,     1.0000,     0.1649, 
[ 57700,  0.0001783]     0.9913,     0.9997,     1.0000,     0.1524, 
[ 57800,  0.0001779]     0.9912,     0.9997,     1.0000,     0.1594, 
[ 57900,  0.0001775]     0.9913,     0.9996,     1.0000,     0.1570, 
[ 58000,  0.0001771]     0.9905,     0.9996,     1.0000,     0.1608, 
[ 58100,  0.0001767]     0.9916,     0.9997,     1.0000,     0.1545, 
[ 58200,  0.0001762]     0.9912,     0.9997,     1.0000,     0.1579, 
[ 58300,  0.0001758]     0.9915,     0.9996,     1.0000,     0.1581, 
[ 58400,  0.0001754]     0.9916,     0.9997,     1.0000,     0.1684, 
[ 58500,  0.0001750]     0.9897,     0.9995,     1.0000,     0.1623, 
[ 58600,  0.0001746]     0.9920,     0.9997,     1.0000,     0.1571, 
[ 58700,  0.0001741]     0.9916,     0.9997,     1.0000,     0.1506, 
[ 58800,  0.0001737]     0.9910,     0.9996,     1.0000,     0.1603, 
[ 58900,  0.0001733]     0.9921,     0.9997,     1.0000,     0.1534, 
[ 59000,  0.0001729]     0.9908,     0.9996,     1.0000,     0.1657, 
[ 59100,  0.0001725]     0.9913,     0.9997,     1.0000,     0.1529, 
[ 59200,  0.0001720]     0.9916,     0.9996,     1.0000,     0.1556, 
[ 59300,  0.0001716]     0.9915,     0.9996,     1.0000,     0.1603, 
[ 59400,  0.0001712]     0.9919,     0.9997,     1.0000,     0.1540, 
[ 59500,  0.0001708]     0.9918,     0.9996,     1.0000,     0.1536, 
[ 59600,  0.0001704]     0.9909,     0.9996,     1.0000,     0.1636, 
[ 59700,  0.0001699]     0.9914,     0.9996,     1.0000,     0.1535, 
[ 59800,  0.0001695]     0.9913,     0.9996,     1.0000,     0.1552, 
[ 59900,  0.0001691]     0.9908,     0.9996,     1.0000,     0.1669, 
[ 60000,  0.0001687]     0.9906,     0.9996,     1.0000,     0.1646, 
Testring with 1212 image pairs
Validation simulations: 0.165702, 0.045936
[ 60100,  0.0001683]     0.9903,     0.9996,     1.0000,     0.1677, 
[ 60200,  0.0001678]     0.9915,     0.9996,     1.0000,     0.1522, 
[ 60300,  0.0001674]     0.9913,     0.9996,     1.0000,     0.1582, 
[ 60400,  0.0001670]     0.9914,     0.9997,     1.0000,     0.1522, 
[ 60500,  0.0001666]     0.9914,     0.9996,     1.0000,     0.1517, 
[ 60600,  0.0001662]     0.9910,     0.9996,     1.0000,     0.1584, 
[ 60700,  0.0001657]     0.9902,     0.9995,     1.0000,     0.1728, 
[ 60800,  0.0001653]     0.9911,     0.9996,     1.0000,     0.1560, 
[ 60900,  0.0001649]     0.9912,     0.9996,     1.0000,     0.1577, 
[ 61000,  0.0001645]     0.9924,     0.9997,     1.0000,     0.1504, 
[ 61100,  0.0001640]     0.9908,     0.9997,     1.0000,     0.1561, 
[ 61200,  0.0001636]     0.9906,     0.9996,     1.0000,     0.1575, 
[ 61300,  0.0001632]     0.9915,     0.9997,     1.0000,     0.1556, 
[ 61400,  0.0001628]     0.9909,     0.9997,     1.0000,     0.1572, 
[ 61500,  0.0001624]     0.9913,     0.9996,     1.0000,     0.1591, 
[ 61600,  0.0001619]     0.9919,     0.9997,     1.0000,     0.1532, 
[ 61700,  0.0001615]     0.9909,     0.9996,     1.0000,     0.1593, 
[ 61800,  0.0001611]     0.9907,     0.9996,     1.0000,     0.1613, 
[ 61900,  0.0001607]     0.9909,     0.9996,     1.0000,     0.1602, 
[ 62000,  0.0001603]     0.9895,     0.9996,     1.0000,     0.1591, 
[ 62100,  0.0001598]     0.9892,     0.9995,     1.0000,     0.1774, 
[ 62200,  0.0001594]     0.9909,     0.9997,     1.0000,     0.1588, 
[ 62300,  0.0001590]     0.9906,     0.9995,     0.9999,     0.1597, 
[ 62400,  0.0001586]     0.9911,     0.9997,     1.0000,     0.1595, 
[ 62500,  0.0001582]     0.9918,     0.9997,     1.0000,     0.1530, 
[ 62600,  0.0001577]     0.9902,     0.9996,     1.0000,     0.1614, 
[ 62700,  0.0001573]     0.9917,     0.9996,     1.0000,     0.1585, 
[ 62800,  0.0001569]     0.9914,     0.9997,     1.0000,     0.1538, 
[ 62900,  0.0001565]     0.9910,     0.9997,     1.0000,     0.1678, 
[ 63000,  0.0001561]     0.9922,     0.9997,     1.0000,     0.1500, 
[ 63100,  0.0001556]     0.9914,     0.9997,     1.0000,     0.1510, 
[ 63200,  0.0001552]     0.9911,     0.9996,     1.0000,     0.1638, 
[ 63300,  0.0001548]     0.9917,     0.9997,     1.0000,     0.1463, 
[ 63400,  0.0001544]     0.9911,     0.9996,     1.0000,     0.1543, 
[ 63500,  0.0001540]     0.9916,     0.9997,     1.0000,     0.1523, 
[ 63600,  0.0001535]     0.9915,     0.9996,     1.0000,     0.1569, 
[ 63700,  0.0001531]     0.9909,     0.9997,     1.0000,     0.1609, 
[ 63800,  0.0001527]     0.9924,     0.9997,     1.0000,     0.1529, 
[ 63900,  0.0001523]     0.9915,     0.9997,     1.0000,     0.1505, 
[ 64000,  0.0001518]     0.9915,     0.9996,     1.0000,     0.1538, 
[ 64100,  0.0001514]     0.9914,     0.9997,     1.0000,     0.1517, 
[ 64200,  0.0001510]     0.9906,     0.9997,     1.0000,     0.1616, 
[ 64300,  0.0001506]     0.9913,     0.9997,     1.0000,     0.1565, 
[ 64400,  0.0001502]     0.9915,     0.9996,     1.0000,     0.1561, 
[ 64500,  0.0001497]     0.9918,     0.9996,     1.0000,     0.1551, 
[ 64600,  0.0001493]     0.9913,     0.9996,     1.0000,     0.1580, 
[ 64700,  0.0001489]     0.9918,     0.9997,     1.0000,     0.1528, 
[ 64800,  0.0001485]     0.9911,     0.9996,     1.0000,     0.1588, 
[ 64900,  0.0001481]     0.9906,     0.9996,     1.0000,     0.1606, 
[ 65000,  0.0001476]     0.9920,     0.9996,     1.0000,     0.1482, 
Testring with 1212 image pairs
Validation simulations: 0.166948, 0.041493
[ 65100,  0.0001472]     0.9913,     0.9996,     1.0000,     0.1533, 
[ 65200,  0.0001468]     0.9912,     0.9997,     1.0000,     0.1521, 
[ 65300,  0.0001464]     0.9913,     0.9997,     1.0000,     0.1518, 
[ 65400,  0.0001460]     0.9916,     0.9997,     1.0000,     0.1562, 
[ 65500,  0.0001455]     0.9906,     0.9996,     1.0000,     0.1607, 
[ 65600,  0.0001451]     0.9918,     0.9996,     1.0000,     0.1494, 
[ 65700,  0.0001447]     0.9918,     0.9997,     1.0000,     0.1547, 
[ 65800,  0.0001443]     0.9914,     0.9996,     1.0000,     0.1468, 
[ 65900,  0.0001439]     0.9904,     0.9996,     1.0000,     0.1582, 
[ 66000,  0.0001434]     0.9908,     0.9996,     1.0000,     0.1550, 
[ 66100,  0.0001430]     0.9919,     0.9997,     1.0000,     0.1495, 
[ 66200,  0.0001426]     0.9919,     0.9997,     1.0000,     0.1465, 
[ 66300,  0.0001422]     0.9918,     0.9997,     1.0000,     0.1610, 
[ 66400,  0.0001418]     0.9917,     0.9997,     1.0000,     0.1493, 
[ 66500,  0.0001413]     0.9922,     0.9997,     1.0000,     0.1424, 
[ 66600,  0.0001409]     0.9923,     0.9996,     1.0000,     0.1435, 
[ 66700,  0.0001405]     0.9924,     0.9997,     1.0000,     0.1449, 
[ 66800,  0.0001401]     0.9919,     0.9996,     1.0000,     0.1484, 
[ 66900,  0.0001397]     0.9917,     0.9996,     1.0000,     0.1457, 
[ 67000,  0.0001392]     0.9911,     0.9996,     1.0000,     0.1524, 
[ 67100,  0.0001388]     0.9918,     0.9996,     1.0000,     0.1488, 
[ 67200,  0.0001384]     0.9923,     0.9997,     1.0000,     0.1454, 
[ 67300,  0.0001380]     0.9927,     0.9996,     1.0000,     0.1409, 
[ 67400,  0.0001375]     0.9924,     0.9997,     1.0000,     0.1455, 
[ 67500,  0.0001371]     0.9921,     0.9996,     1.0000,     0.1468, 
[ 67600,  0.0001367]     0.9918,     0.9997,     1.0000,     0.1494, 
[ 67700,  0.0001363]     0.9921,     0.9996,     1.0000,     0.1447, 
[ 67800,  0.0001359]     0.9925,     0.9997,     1.0000,     0.1457, 
[ 67900,  0.0001354]     0.9912,     0.9996,     1.0000,     0.1465, 
[ 68000,  0.0001350]     0.9924,     0.9996,     1.0000,     0.1424, 
[ 68100,  0.0001346]     0.9927,     0.9997,     1.0000,     0.1419, 
[ 68200,  0.0001342]     0.9915,     0.9996,     1.0000,     0.1466, 
[ 68300,  0.0001338]     0.9919,     0.9996,     1.0000,     0.1443, 
[ 68400,  0.0001333]     0.9917,     0.9996,     1.0000,     0.1500, 
[ 68500,  0.0001329]     0.9919,     0.9997,     1.0000,     0.1478, 
[ 68600,  0.0001325]     0.9921,     0.9996,     1.0000,     0.1431, 
[ 68700,  0.0001321]     0.9920,     0.9997,     1.0000,     0.1474, 
[ 68800,  0.0001317]     0.9921,     0.9997,     1.0000,     0.1430, 
[ 68900,  0.0001312]     0.9919,     0.9997,     1.0000,     0.1486, 
[ 69000,  0.0001308]     0.9922,     0.9996,     1.0000,     0.1463, 
[ 69100,  0.0001304]     0.9917,     0.9996,     1.0000,     0.1436, 
[ 69200,  0.0001300]     0.9929,     0.9997,     1.0000,     0.1469, 
[ 69300,  0.0001296]     0.9925,     0.9997,     1.0000,     0.1417, 
[ 69400,  0.0001291]     0.9916,     0.9994,     0.9999,     0.1453, 
[ 69500,  0.0001287]     0.9920,     0.9997,     1.0000,     0.1416, 
[ 69600,  0.0001283]     0.9923,     0.9997,     1.0000,     0.1413, 
[ 69700,  0.0001279]     0.9917,     0.9997,     1.0000,     0.1421, 
[ 69800,  0.0001275]     0.9915,     0.9996,     1.0000,     0.1466, 
[ 69900,  0.0001270]     0.9929,     0.9997,     1.0000,     0.1407, 
[ 70000,  0.0001266]     0.9926,     0.9997,     1.0000,     0.1394, 
Testring with 1212 image pairs
Validation simulations: 0.156757, 0.043195
[ 70100,  0.0001262]     0.9926,     0.9997,     1.0000,     0.1403, 
[ 70200,  0.0001258]     0.9920,     0.9996,     1.0000,     0.1438, 
[ 70300,  0.0001253]     0.9929,     0.9997,     1.0000,     0.1378, 
[ 70400,  0.0001249]     0.9927,     0.9997,     1.0000,     0.1366, 
[ 70500,  0.0001245]     0.9922,     0.9996,     1.0000,     0.1397, 
[ 70600,  0.0001241]     0.9927,     0.9997,     1.0000,     0.1370, 
[ 70700,  0.0001237]     0.9921,     0.9997,     1.0000,     0.1395, 
[ 70800,  0.0001232]     0.9922,     0.9997,     1.0000,     0.1458, 
[ 70900,  0.0001228]     0.9920,     0.9997,     1.0000,     0.1382, 
[ 71000,  0.0001224]     0.9925,     0.9996,     1.0000,     0.1384, 
[ 71100,  0.0001220]     0.9929,     0.9997,     1.0000,     0.1367, 
[ 71200,  0.0001216]     0.9927,     0.9997,     1.0000,     0.1405, 
[ 71300,  0.0001211]     0.9924,     0.9996,     1.0000,     0.1384, 
[ 71400,  0.0001207]     0.9924,     0.9997,     1.0000,     0.1411, 
[ 71500,  0.0001203]     0.9932,     0.9996,     1.0000,     0.1324, 
[ 71600,  0.0001199]     0.9928,     0.9996,     1.0000,     0.1408, 
[ 71700,  0.0001195]     0.9921,     0.9996,     1.0000,     0.1389, 
[ 71800,  0.0001190]     0.9921,     0.9997,     1.0000,     0.1441, 
[ 71900,  0.0001186]     0.9927,     0.9997,     1.0000,     0.1360, 
[ 72000,  0.0001182]     0.9926,     0.9997,     1.0000,     0.1373, 
[ 72100,  0.0001178]     0.9925,     0.9997,     1.0000,     0.1401, 
[ 72200,  0.0001174]     0.9925,     0.9996,     1.0000,     0.1346, 
[ 72300,  0.0001169]     0.9926,     0.9996,     1.0000,     0.1388, 
[ 72400,  0.0001165]     0.9928,     0.9997,     1.0000,     0.1376, 
[ 72500,  0.0001161]     0.9922,     0.9996,     1.0000,     0.1417, 
[ 72600,  0.0001157]     0.9922,     0.9996,     1.0000,     0.1414, 
[ 72700,  0.0001153]     0.9930,     0.9997,     1.0000,     0.1324, 
[ 72800,  0.0001148]     0.9928,     0.9996,     1.0000,     0.1343, 
[ 72900,  0.0001144]     0.9928,     0.9997,     1.0000,     0.1333, 
[ 73000,  0.0001140]     0.9927,     0.9997,     1.0000,     0.1368, 
[ 73100,  0.0001136]     0.9923,     0.9997,     1.0000,     0.1351, 
[ 73200,  0.0001132]     0.9933,     0.9998,     1.0000,     0.1327, 
[ 73300,  0.0001127]     0.9923,     0.9996,     1.0000,     0.1389, 
[ 73400,  0.0001123]     0.9928,     0.9997,     1.0000,     0.1358, 
[ 73500,  0.0001119]     0.9929,     0.9997,     1.0000,     0.1354, 
[ 73600,  0.0001115]     0.9924,     0.9996,     1.0000,     0.1386, 
[ 73700,  0.0001110]     0.9926,     0.9997,     1.0000,     0.1332, 
[ 73800,  0.0001106]     0.9931,     0.9998,     1.0000,     0.1345, 
[ 73900,  0.0001102]     0.9929,     0.9997,     1.0000,     0.1355, 
[ 74000,  0.0001098]     0.9927,     0.9996,     1.0000,     0.1348, 
[ 74100,  0.0001094]     0.9929,     0.9997,     1.0000,     0.1356, 
[ 74200,  0.0001089]     0.9924,     0.9997,     1.0000,     0.1372, 
[ 74300,  0.0001085]     0.9931,     0.9997,     1.0000,     0.1331, 
[ 74400,  0.0001081]     0.9933,     0.9997,     1.0000,     0.1335, 
[ 74500,  0.0001077]     0.9930,     0.9998,     1.0000,     0.1343, 
[ 74600,  0.0001073]     0.9929,     0.9998,     1.0000,     0.1367, 
[ 74700,  0.0001068]     0.9926,     0.9996,     1.0000,     0.1340, 
[ 74800,  0.0001064]     0.9930,     0.9997,     1.0000,     0.1333, 
[ 74900,  0.0001060]     0.9925,     0.9996,     1.0000,     0.1360, 
[ 75000,  0.0001056]     0.9925,     0.9997,     1.0000,     0.1347, 
Testring with 1212 image pairs
Validation simulations: 0.153489, 0.041289
[ 75100,  0.0001052]     0.9932,     0.9997,     1.0000,     0.1348, 
[ 75200,  0.0001047]     0.9932,     0.9997,     1.0000,     0.1327, 
[ 75300,  0.0001043]     0.9926,     0.9997,     1.0000,     0.1326, 
[ 75400,  0.0001039]     0.9929,     0.9997,     1.0000,     0.1322, 
[ 75500,  0.0001035]     0.9926,     0.9996,     1.0000,     0.1328, 
[ 75600,  0.0001031]     0.9934,     0.9997,     1.0000,     0.1324, 
[ 75700,  0.0001026]     0.9926,     0.9997,     1.0000,     0.1320, 
[ 75800,  0.0001022]     0.9923,     0.9997,     1.0000,     0.1362, 
[ 75900,  0.0001018]     0.9933,     0.9997,     1.0000,     0.1299, 
[ 76000,  0.0001014]     0.9927,     0.9996,     1.0000,     0.1321, 
[ 76100,  0.0001010]     0.9921,     0.9996,     1.0000,     0.1351, 
[ 76200,  0.0001005]     0.9933,     0.9997,     1.0000,     0.1302, 
[ 76300,  0.0001001]     0.9934,     0.9998,     1.0000,     0.1283, 
[ 76400,  0.0000997]     0.9930,     0.9997,     1.0000,     0.1305, 
[ 76500,  0.0000993]     0.9919,     0.9996,     1.0000,     0.1345, 
[ 76600,  0.0000988]     0.9931,     0.9997,     1.0000,     0.1301, 
[ 76700,  0.0000984]     0.9932,     0.9997,     1.0000,     0.1295, 
[ 76800,  0.0000980]     0.9931,     0.9997,     1.0000,     0.1285, 
[ 76900,  0.0000976]     0.9929,     0.9997,     1.0000,     0.1306, 
[ 77000,  0.0000972]     0.9936,     0.9997,     1.0000,     0.1287, 
[ 77100,  0.0000967]     0.9929,     0.9997,     1.0000,     0.1285, 
[ 77200,  0.0000963]     0.9934,     0.9997,     1.0000,     0.1284, 
[ 77300,  0.0000959]     0.9936,     0.9997,     1.0000,     0.1270, 
[ 77400,  0.0000955]     0.9933,     0.9998,     1.0000,     0.1266, 
[ 77500,  0.0000951]     0.9931,     0.9997,     1.0000,     0.1273, 
[ 77600,  0.0000946]     0.9933,     0.9996,     1.0000,     0.1280, 
[ 77700,  0.0000942]     0.9936,     0.9998,     1.0000,     0.1267, 
[ 77800,  0.0000938]     0.9926,     0.9995,     1.0000,     0.1298, 
[ 77900,  0.0000934]     0.9930,     0.9996,     1.0000,     0.1292, 
[ 78000,  0.0000930]     0.9936,     0.9997,     1.0000,     0.1251, 
[ 78100,  0.0000925]     0.9934,     0.9996,     1.0000,     0.1273, 
[ 78200,  0.0000921]     0.9924,     0.9997,     1.0000,     0.1301, 
[ 78300,  0.0000917]     0.9936,     0.9998,     1.0000,     0.1234, 
[ 78400,  0.0000913]     0.9932,     0.9997,     1.0000,     0.1284, 
[ 78500,  0.0000909]     0.9929,     0.9997,     1.0000,     0.1312, 
[ 78600,  0.0000904]     0.9936,     0.9997,     1.0000,     0.1278, 
[ 78700,  0.0000900]     0.9925,     0.9996,     1.0000,     0.1288, 
[ 78800,  0.0000896]     0.9927,     0.9997,     1.0000,     0.1270, 
[ 78900,  0.0000892]     0.9929,     0.9997,     1.0000,     0.1281, 
[ 79000,  0.0000888]     0.9932,     0.9997,     1.0000,     0.1238, 
[ 79100,  0.0000883]     0.9933,     0.9998,     1.0000,     0.1275, 
[ 79200,  0.0000879]     0.9932,     0.9997,     1.0000,     0.1241, 
[ 79300,  0.0000875]     0.9936,     0.9997,     1.0000,     0.1233, 
[ 79400,  0.0000871]     0.9936,     0.9997,     1.0000,     0.1243, 
[ 79500,  0.0000867]     0.9934,     0.9997,     1.0000,     0.1247, 
[ 79600,  0.0000862]     0.9936,     0.9997,     1.0000,     0.1230, 
[ 79700,  0.0000858]     0.9933,     0.9997,     1.0000,     0.1251, 
[ 79800,  0.0000854]     0.9935,     0.9997,     1.0000,     0.1240, 
[ 79900,  0.0000850]     0.9930,     0.9996,     1.0000,     0.1251, 
[ 80000,  0.0000845]     0.9930,     0.9997,     1.0000,     0.1242, 
Testring with 1212 image pairs
Validation simulations: 0.146292, 0.036456
[ 80100,  0.0000841]     0.9939,     0.9998,     1.0000,     0.1206, 
[ 80200,  0.0000837]     0.9925,     0.9997,     1.0000,     0.1283, 
[ 80300,  0.0000833]     0.9937,     0.9998,     1.0000,     0.1223, 
[ 80400,  0.0000829]     0.9938,     0.9997,     1.0000,     0.1238, 
[ 80500,  0.0000824]     0.9937,     0.9997,     1.0000,     0.1220, 
[ 80600,  0.0000820]     0.9931,     0.9997,     1.0000,     0.1251, 
[ 80700,  0.0000816]     0.9934,     0.9996,     1.0000,     0.1237, 
[ 80800,  0.0000812]     0.9933,     0.9997,     1.0000,     0.1241, 
[ 80900,  0.0000808]     0.9933,     0.9997,     1.0000,     0.1222, 
[ 81000,  0.0000803]     0.9935,     0.9997,     1.0000,     0.1207, 
[ 81100,  0.0000799]     0.9934,     0.9997,     1.0000,     0.1230, 
[ 81200,  0.0000795]     0.9937,     0.9998,     1.0000,     0.1221, 
[ 81300,  0.0000791]     0.9939,     0.9997,     1.0000,     0.1205, 
[ 81400,  0.0000787]     0.9932,     0.9997,     1.0000,     0.1249, 
[ 81500,  0.0000782]     0.9934,     0.9997,     1.0000,     0.1218, 
[ 81600,  0.0000778]     0.9939,     0.9997,     1.0000,     0.1195, 
[ 81700,  0.0000774]     0.9935,     0.9997,     1.0000,     0.1223, 
[ 81800,  0.0000770]     0.9934,     0.9998,     1.0000,     0.1252, 
[ 81900,  0.0000766]     0.9939,     0.9997,     1.0000,     0.1198, 
[ 82000,  0.0000761]     0.9935,     0.9997,     1.0000,     0.1232, 
[ 82100,  0.0000757]     0.9932,     0.9997,     1.0000,     0.1225, 
[ 82200,  0.0000753]     0.9936,     0.9997,     1.0000,     0.1225, 
[ 82300,  0.0000749]     0.9938,     0.9998,     1.0000,     0.1214, 
[ 82400,  0.0000745]     0.9930,     0.9997,     1.0000,     0.1235, 
[ 82500,  0.0000740]     0.9945,     0.9998,     1.0000,     0.1174, 
[ 82600,  0.0000736]     0.9930,     0.9997,     1.0000,     0.1236, 
[ 82700,  0.0000732]     0.9936,     0.9997,     1.0000,     0.1215, 
[ 82800,  0.0000728]     0.9934,     0.9998,     1.0000,     0.1222, 
[ 82900,  0.0000724]     0.9932,     0.9997,     1.0000,     0.1206, 
[ 83000,  0.0000719]     0.9937,     0.9997,     1.0000,     0.1205, 
[ 83100,  0.0000715]     0.9938,     0.9997,     1.0000,     0.1193, 
[ 83200,  0.0000711]     0.9940,     0.9998,     1.0000,     0.1190, 
[ 83300,  0.0000707]     0.9941,     0.9998,     1.0000,     0.1172, 
[ 83400,  0.0000702]     0.9930,     0.9996,     1.0000,     0.1233, 
[ 83500,  0.0000698]     0.9935,     0.9997,     1.0000,     0.1181, 
[ 83600,  0.0000694]     0.9938,     0.9998,     1.0000,     0.1211, 
[ 83700,  0.0000690]     0.9934,     0.9997,     1.0000,     0.1205, 
[ 83800,  0.0000686]     0.9939,     0.9997,     1.0000,     0.1178, 
[ 83900,  0.0000681]     0.9933,     0.9997,     1.0000,     0.1196, 
[ 84000,  0.0000677]     0.9941,     0.9997,     1.0000,     0.1185, 
[ 84100,  0.0000673]     0.9936,     0.9997,     1.0000,     0.1229, 
[ 84200,  0.0000669]     0.9938,     0.9997,     1.0000,     0.1204, 
[ 84300,  0.0000665]     0.9941,     0.9998,     1.0000,     0.1164, 
[ 84400,  0.0000660]     0.9935,     0.9997,     1.0000,     0.1195, 
[ 84500,  0.0000656]     0.9940,     0.9998,     1.0000,     0.1188, 
[ 84600,  0.0000652]     0.9939,     0.9997,     1.0000,     0.1175, 
[ 84700,  0.0000648]     0.9940,     0.9997,     1.0000,     0.1168, 
[ 84800,  0.0000644]     0.9933,     0.9997,     1.0000,     0.1191, 
[ 84900,  0.0000639]     0.9929,     0.9996,     1.0000,     0.1225, 
[ 85000,  0.0000635]     0.9939,     0.9998,     1.0000,     0.1171, 
Testring with 1212 image pairs
Validation simulations: 0.145391, 0.039521
[ 85100,  0.0000631]     0.9939,     0.9997,     1.0000,     0.1190, 
[ 85200,  0.0000627]     0.9936,     0.9997,     1.0000,     0.1209, 
[ 85300,  0.0000623]     0.9940,     0.9997,     1.0000,     0.1163, 
[ 85400,  0.0000618]     0.9941,     0.9998,     1.0000,     0.1164, 
[ 85500,  0.0000614]     0.9935,     0.9996,     1.0000,     0.1189, 
[ 85600,  0.0000610]     0.9940,     0.9998,     1.0000,     0.1182, 
[ 85700,  0.0000606]     0.9937,     0.9997,     1.0000,     0.1171, 
[ 85800,  0.0000602]     0.9937,     0.9997,     1.0000,     0.1180, 
[ 85900,  0.0000597]     0.9945,     0.9998,     1.0000,     0.1150, 
[ 86000,  0.0000593]     0.9937,     0.9997,     1.0000,     0.1202, 
[ 86100,  0.0000589]     0.9936,     0.9997,     1.0000,     0.1180, 
[ 86200,  0.0000585]     0.9939,     0.9998,     1.0000,     0.1151, 
[ 86300,  0.0000580]     0.9936,     0.9997,     1.0000,     0.1190, 
[ 86400,  0.0000576]     0.9934,     0.9997,     1.0000,     0.1190, 
[ 86500,  0.0000572]     0.9942,     0.9998,     1.0000,     0.1156, 
[ 86600,  0.0000568]     0.9937,     0.9997,     1.0000,     0.1166, 
[ 86700,  0.0000564]     0.9941,     0.9998,     1.0000,     0.1158, 
[ 86800,  0.0000559]     0.9934,     0.9996,     1.0000,     0.1172, 
[ 86900,  0.0000555]     0.9942,     0.9998,     1.0000,     0.1149, 
[ 87000,  0.0000551]     0.9938,     0.9997,     1.0000,     0.1167, 
[ 87100,  0.0000547]     0.9938,     0.9997,     1.0000,     0.1158, 
[ 87200,  0.0000543]     0.9937,     0.9997,     1.0000,     0.1164, 
[ 87300,  0.0000538]     0.9943,     0.9998,     1.0000,     0.1166, 
[ 87400,  0.0000534]     0.9942,     0.9998,     1.0000,     0.1139, 
[ 87500,  0.0000530]     0.9941,     0.9997,     1.0000,     0.1140, 
[ 87600,  0.0000526]     0.9937,     0.9998,     1.0000,     0.1174, 
[ 87700,  0.0000522]     0.9942,     0.9997,     1.0000,     0.1152, 
[ 87800,  0.0000517]     0.9942,     0.9997,     1.0000,     0.1152, 
[ 87900,  0.0000513]     0.9941,     0.9997,     1.0000,     0.1156, 
[ 88000,  0.0000509]     0.9945,     0.9998,     1.0000,     0.1122, 
[ 88100,  0.0000505]     0.9940,     0.9998,     1.0000,     0.1149, 
[ 88200,  0.0000501]     0.9941,     0.9997,     1.0000,     0.1148, 
[ 88300,  0.0000496]     0.9943,     0.9997,     1.0000,     0.1145, 
[ 88400,  0.0000492]     0.9942,     0.9998,     1.0000,     0.1154, 
[ 88500,  0.0000488]     0.9940,     0.9997,     1.0000,     0.1151, 
[ 88600,  0.0000484]     0.9943,     0.9998,     1.0000,     0.1129, 
[ 88700,  0.0000480]     0.9940,     0.9998,     1.0000,     0.1164, 
[ 88800,  0.0000475]     0.9943,     0.9998,     1.0000,     0.1154, 
[ 88900,  0.0000471]     0.9939,     0.9997,     1.0000,     0.1146, 
[ 89000,  0.0000467]     0.9936,     0.9997,     1.0000,     0.1173, 
[ 89100,  0.0000463]     0.9941,     0.9997,     1.0000,     0.1162, 
[ 89200,  0.0000459]     0.9943,     0.9998,     1.0000,     0.1149, 
[ 89300,  0.0000454]     0.9943,     0.9998,     1.0000,     0.1134, 
[ 89400,  0.0000450]     0.9943,     0.9998,     1.0000,     0.1127, 
[ 89500,  0.0000446]     0.9942,     0.9997,     1.0000,     0.1138, 
[ 89600,  0.0000442]     0.9937,     0.9997,     1.0000,     0.1136, 
[ 89700,  0.0000437]     0.9941,     0.9997,     1.0000,     0.1148, 
[ 89800,  0.0000433]     0.9942,     0.9998,     1.0000,     0.1142, 
[ 89900,  0.0000429]     0.9941,     0.9997,     1.0000,     0.1146, 
